<html>
<head>
<title>TestNG:  Default test</title>
<link href="../testng.css" rel="stylesheet" type="text/css" />
<link href="../my-testng.css" rel="stylesheet" type="text/css" />

<style type="text/css">
.log { display: none;} 
.stack-trace { display: none;} 
</style>
<script type="text/javascript">
<!--
function flip(e) {
  current = e.style.display;
  if (current == 'block') {
    e.style.display = 'none';
    return 0;
  }
  else {
    e.style.display = 'block';
    return 1;
  }
}

function toggleBox(szDivId, elem, msg1, msg2)
{
  var res = -1;  if (document.getElementById) {
    res = flip(document.getElementById(szDivId));
  }
  else if (document.all) {
    // this is the way old msie versions work
    res = flip(document.all[szDivId]);
  }
  if(elem) {
    if(res == 0) elem.innerHTML = msg1; else elem.innerHTML = msg2;
  }

}

function toggleAllBoxes() {
  if (document.getElementsByTagName) {
    d = document.getElementsByTagName('div');
    for (i = 0; i < d.length; i++) {
      if (d[i].className == 'log') {
        flip(d[i]);
      }
    }
  }
}

// -->
</script>

</head>
<body>
<h2 align='center'>Default test</h2><table border='1' align="center">
<tr>
<td>Tests passed/Failed/Skipped:</td><td>0/3/0</td>
</tr><tr>
<td>Started on:</td><td>Mon Oct 14 22:33:48 IST 2024</td>
</tr>
<tr><td>Total time:</td><td>95 seconds (95844 ms)</td>
</tr><tr>
<td>Included groups:</td><td></td>
</tr><tr>
<td>Excluded groups:</td><td></td>
</tr>
</table><p/>
<small><i>(Hover the method name to see the test class name)</i></small><p/>
<table width='100%' border='1' class='invocation-failed'>
<tr><td colspan='4' align='center'><b>FAILED TESTS</b></td></tr>
<tr><td><b>Test method</b></td>
<td><b>Attribute(s)</b></td>
<td width="30%"><b>Exception</b></td>
<td width="10%"><b>Time (seconds)</b></td>
<td><b>Instance</b></td>
</tr>
<tr>
<td title='testRunner.Runner.runScenario()'><b>runScenario</b><br>Test class: testRunner.Runner<br>Test method: Runs Cucumber Scenarios<br>Parameters: "Add to cart", "BookCart Application tests"</td>
<td><div><pre>java.lang.AssertionError: expected [true] but found [false]
	at org.testng.Assert.fail(Assert.java:111)
	at org.testng.Assert.failNotEquals(Assert.java:1578)
	at org.testng.Assert.assertEqualsImpl(Assert.java:150)
	at org.testng.Assert.assertEquals(Assert.java:132)
	at org.testng.Assert.assertEquals(Assert.java:1067)
	at org.testng.Assert.assertEquals(Assert.java:1031)
	at org.testng.Assert.assertEquals(Assert.java:1077)
	at steps.AddToCartSteps.theCartBadgeShouldBeUpdated(AddToCartSteps.java:38)
	at ✽.the cart badge should be updated(file:///E:/AashviCucumber/Letscode/src/test/java/features/addToCart.feature:8)
</pre></div><a href='#' onClick='toggleBox("stack-trace273041802", this, "Click to show all stack frames", "Click to hide stack frames")'>Click to show all stack frames</a>
<div class='stack-trace' id='stack-trace273041802'><pre>java.lang.AssertionError: expected [true] but found [false]
	at org.testng.Assert.fail(Assert.java:111)
	at org.testng.Assert.failNotEquals(Assert.java:1578)
	at org.testng.Assert.assertEqualsImpl(Assert.java:150)
	at org.testng.Assert.assertEquals(Assert.java:132)
	at org.testng.Assert.assertEquals(Assert.java:1067)
	at org.testng.Assert.assertEquals(Assert.java:1031)
	at org.testng.Assert.assertEquals(Assert.java:1077)
	at steps.AddToCartSteps.theCartBadgeShouldBeUpdated(AddToCartSteps.java:38)
	at ✽.the cart badge should be updated(file:///E:/AashviCucumber/Letscode/src/test/java/features/addToCart.feature:8)
</pre></div></td>
<td>34</td>
<td>testRunner.Runner@55b0dcab</td></tr>
<tr>
<td title='testRunner.Runner.runScenario()'><b>runScenario</b><br>Test class: testRunner.Runner<br>Test method: Runs Cucumber Scenarios<br>Parameters: "Add to cart", "BookCart Application tests"</td>
<td><div><pre>java.lang.AssertionError: expected [true] but found [false]
	at org.testng.Assert.fail(Assert.java:111)
	at org.testng.Assert.failNotEquals(Assert.java:1578)
	at org.testng.Assert.assertEqualsImpl(Assert.java:150)
	at org.testng.Assert.assertEquals(Assert.java:132)
	at org.testng.Assert.assertEquals(Assert.java:1067)
	at org.testng.Assert.assertEquals(Assert.java:1031)
	at org.testng.Assert.assertEquals(Assert.java:1077)
	at steps.AddToCartSteps.theCartBadgeShouldBeUpdated(AddToCartSteps.java:38)
	at ✽.the cart badge should be updated(file:///E:/AashviCucumber/Letscode/src/test/java/features/addToCart.feature:8)
</pre></div><a href='#' onClick='toggleBox("stack-trace693417450", this, "Click to show all stack frames", "Click to hide stack frames")'>Click to show all stack frames</a>
<div class='stack-trace' id='stack-trace693417450'><pre>java.lang.AssertionError: expected [true] but found [false]
	at org.testng.Assert.fail(Assert.java:111)
	at org.testng.Assert.failNotEquals(Assert.java:1578)
	at org.testng.Assert.assertEqualsImpl(Assert.java:150)
	at org.testng.Assert.assertEquals(Assert.java:132)
	at org.testng.Assert.assertEquals(Assert.java:1067)
	at org.testng.Assert.assertEquals(Assert.java:1031)
	at org.testng.Assert.assertEquals(Assert.java:1077)
	at steps.AddToCartSteps.theCartBadgeShouldBeUpdated(AddToCartSteps.java:38)
	at ✽.the cart badge should be updated(file:///E:/AashviCucumber/Letscode/src/test/java/features/addToCart.feature:8)
</pre></div></td>
<td>29</td>
<td>testRunner.Runner@55b0dcab</td></tr>
<tr>
<td title='testRunner.Runner.runScenario()'><b>runScenario</b><br>Test class: testRunner.Runner<br>Test method: Runs Cucumber Scenarios<br>Parameters: "Add to cart", "BookCart Application tests"</td>
<td><div><pre>java.lang.AssertionError: expected [true] but found [false]
	at org.testng.Assert.fail(Assert.java:111)
	at org.testng.Assert.failNotEquals(Assert.java:1578)
	at org.testng.Assert.assertEqualsImpl(Assert.java:150)
	at org.testng.Assert.assertEquals(Assert.java:132)
	at org.testng.Assert.assertEquals(Assert.java:1067)
	at org.testng.Assert.assertEquals(Assert.java:1031)
	at org.testng.Assert.assertEquals(Assert.java:1077)
	at steps.AddToCartSteps.theCartBadgeShouldBeUpdated(AddToCartSteps.java:38)
	at ✽.the cart badge should be updated(file:///E:/AashviCucumber/Letscode/src/test/java/features/addToCart.feature:8)
</pre></div><a href='#' onClick='toggleBox("stack-trace412375354", this, "Click to show all stack frames", "Click to hide stack frames")'>Click to show all stack frames</a>
<div class='stack-trace' id='stack-trace412375354'><pre>java.lang.AssertionError: expected [true] but found [false]
	at org.testng.Assert.fail(Assert.java:111)
	at org.testng.Assert.failNotEquals(Assert.java:1578)
	at org.testng.Assert.assertEqualsImpl(Assert.java:150)
	at org.testng.Assert.assertEquals(Assert.java:132)
	at org.testng.Assert.assertEquals(Assert.java:1067)
	at org.testng.Assert.assertEquals(Assert.java:1031)
	at org.testng.Assert.assertEquals(Assert.java:1077)
	at steps.AddToCartSteps.theCartBadgeShouldBeUpdated(AddToCartSteps.java:38)
	at ✽.the cart badge should be updated(file:///E:/AashviCucumber/Letscode/src/test/java/features/addToCart.feature:8)
</pre></div></td>
<td>28</td>
<td>testRunner.Runner@55b0dcab</td></tr>
</table><p>
</body>
</html>